Using pre-set license
Built from '2020.3/staging' branch; Version is '2020.3.11f1 (99c7afb366b3) revision 10078127'; Using compiler version '192528614'; Build Type 'Release'
OS: 'Windows 10 Home; OS build 19041.1052; Version 2004; 64bit' Language: 'en' Physical Memory: 16244 MB
BatchMode: 1, IsHumanControllingUs: 0, StartBugReporterOnCrash: 0, Is64bit: 1, IsPro: 0

 COMMAND LINE ARGUMENTS:
C:\Program Files\Unity\Hub\Editor\2020.3.11f1\Editor\Unity.exe
-adb2
-batchMode
-noUpm
-name
AssetImportWorker0
-projectPath
C:/Users/msest/OneDrive/Desktop/UnityStuff/Procedural-Landmass-Generation/Testing World
-logFile
Logs/AssetImportWorker0.log
-srvPort
50904
Successfully changed project path to: C:/Users/msest/OneDrive/Desktop/UnityStuff/Procedural-Landmass-Generation/Testing World
C:/Users/msest/OneDrive/Desktop/UnityStuff/Procedural-Landmass-Generation/Testing World
Using Asset Import Pipeline V2.
Refreshing native plugins compatible for Editor in 23.04 ms, found 2 plugins.
Preloading 0 native plugins for Editor in 0.00 ms.
Initialize engine version: 2020.3.11f1 (99c7afb366b3)
[Subsystems] Discovering subsystems at path C:/Program Files/Unity/Hub/Editor/2020.3.11f1/Editor/Data/Resources/UnitySubsystems
[Subsystems] Discovering subsystems at path C:/Users/msest/OneDrive/Desktop/UnityStuff/Procedural-Landmass-Generation/Testing World/Assets
GfxDevice: creating device client; threaded=0
Direct3D:
    Version:  Direct3D 11.0 [level 11.1]
    Renderer: NVIDIA GeForce RTX 2070 Super with Max-Q Design (ID=0x1e91)
    Vendor:   
    VRAM:     8011 MB
    Driver:   26.21.14.4345
Initialize mono
Mono path[0] = 'C:/Program Files/Unity/Hub/Editor/2020.3.11f1/Editor/Data/Managed'
Mono path[1] = 'C:/Program Files/Unity/Hub/Editor/2020.3.11f1/Editor/Data/MonoBleedingEdge/lib/mono/unityjit'
Mono config path = 'C:/Program Files/Unity/Hub/Editor/2020.3.11f1/Editor/Data/MonoBleedingEdge/etc'
Using monoOptions --debugger-agent=transport=dt_socket,embedding=1,server=y,suspend=n,address=127.0.0.1:56696
Begin MonoManager ReloadAssembly
Registering precompiled unity dll's ...
Register platform support module: C:/Program Files/Unity/Hub/Editor/2020.3.11f1/Editor/Data/PlaybackEngines/WindowsStandaloneSupport/UnityEditor.WindowsStandalone.Extensions.dll
Registered in 0.001783 seconds.
Native extension for WindowsStandalone target not found
Refreshing native plugins compatible for Editor in 27.46 ms, found 2 plugins.
Preloading 0 native plugins for Editor in 0.00 ms.
Mono: successfully reloaded assembly
- Completed reload, in  1.011 seconds
Platform modules already initialized, skipping
Registering precompiled user dll's ...
Registered in 0.004101 seconds.
Begin MonoManager ReloadAssembly
Native extension for WindowsStandalone target not found
Refreshing native plugins compatible for Editor in 0.41 ms, found 2 plugins.
Preloading 0 native plugins for Editor in 0.00 ms.
Mono: successfully reloaded assembly
- Completed reload, in  0.981 seconds
Platform modules already initialized, skipping
========================================================================
Worker process is ready to serve import requests
Launched and connected shader compiler UnityShaderCompiler.exe after 0.03 seconds
Refreshing native plugins compatible for Editor in 0.32 ms, found 2 plugins.
Preloading 0 native plugins for Editor in 0.00 ms.
Unloading 1389 Unused Serialized files (Serialized files now loaded: 0)
System memory in use before: 70.9 MB.
System memory in use after: 70.9 MB.

Unloading 19 unused Assets to reduce memory usage. Loaded Objects now: 1832.
Total: 2.094900 ms (FindLiveObjects: 0.242200 ms CreateObjectMapping: 0.090800 ms MarkObjects: 1.694300 ms  DeleteObjects: 0.066300 ms)

========================================================================
Received Import Request.
  path: Assets/Scipts/HexagonPlane.cs
  artifactKey: Guid(fdd1e38f21d6c3548a1aa19705bdc190) Importer(815301076,1909f56bfc062723c751e8b465ee728b)
Start importing Assets/Scipts/HexagonPlane.cs using Guid(fdd1e38f21d6c3548a1aa19705bdc190) Importer(815301076,1909f56bfc062723c751e8b465ee728b)  -> (artifact id: 'd1dabe87b325971bd152397d06be5482') in 0.024886 seconds
  Import took 0.028853 seconds .

========================================================================
Received Import Request.
  Time since last request: 0.000482 seconds.
  path: Assets/Scipts/HexagonPlane.cs
  artifactKey: Guid(fdd1e38f21d6c3548a1aa19705bdc190) Importer(815301076,1909f56bfc062723c751e8b465ee728b)
Start importing Assets/Scipts/HexagonPlane.cs using Guid(fdd1e38f21d6c3548a1aa19705bdc190) Importer(815301076,1909f56bfc062723c751e8b465ee728b)  -> (artifact id: 'd1dabe87b325971bd152397d06be5482') in 0.001879 seconds
  Import took 0.005655 seconds .

========================================================================
Received Import Request.
  Time since last request: 7.725980 seconds.
  path: Assets/Scipts/Noise.cs
  artifactKey: Guid(40c8b392f277c8645b8c9335bd67ae04) Importer(815301076,1909f56bfc062723c751e8b465ee728b)
Start importing Assets/Scipts/Noise.cs using Guid(40c8b392f277c8645b8c9335bd67ae04) Importer(815301076,1909f56bfc062723c751e8b465ee728b)  -> (artifact id: 'd75b5da1f6ef07b21497701d79d5d092') in 0.006235 seconds
  Import took 0.010362 seconds .

========================================================================
Received Prepare
Registering precompiled user dll's ...
Registered in 0.003583 seconds.
Begin MonoManager ReloadAssembly
Native extension for WindowsStandalone target not found
Refreshing native plugins compatible for Editor in 0.25 ms, found 2 plugins.
Preloading 0 native plugins for Editor in 0.00 ms.
Mono: successfully reloaded assembly
- Completed reload, in  0.880 seconds
Platform modules already initialized, skipping
Refreshing native plugins compatible for Editor in 0.27 ms, found 2 plugins.
Preloading 0 native plugins for Editor in 0.00 ms.
Unloading 1385 Unused Serialized files (Serialized files now loaded: 0)
System memory in use before: 70.8 MB.
System memory in use after: 70.9 MB.

Unloading 14 unused Assets to reduce memory usage. Loaded Objects now: 1836.
Total: 1.450600 ms (FindLiveObjects: 0.120400 ms CreateObjectMapping: 0.038100 ms MarkObjects: 1.255500 ms  DeleteObjects: 0.035600 ms)

AssetImportWorkerClient::OnTransportError - code=2 error=End of file
